<?xml version="1.0" encoding="UTF-8"?>
<!-- Generated by org.testng.reporters.JUnitXMLReporter -->
<testsuite hostname="Keshav-PC" ignored="0" name="AddCustomerTest" tests="4" failures="4" timestamp="19 Nov 2018 15:50:37 GMT" time="1.985" errors="0">
  <testcase name="addACustomer" time="1.161" classname="testcase.AddCustomerTest">
    <failure type="java.lang.AssertionError" message="expected [false] but found [true]">
      <![CDATA[java.lang.AssertionError: expected [false] but found [true]
at testcase.AddCustomerTest.addACustomer(AddCustomerTest.java:25)
... Removed 31 stack frames]]>
    </failure>
  </testcase> <!-- addACustomer -->
  <testcase name="addACustomer" time="0.214" classname="testcase.AddCustomerTest">
    <failure type="java.lang.AssertionError" message="expected [false] but found [true]">
      <![CDATA[java.lang.AssertionError: expected [false] but found [true]
at testcase.AddCustomerTest.addACustomer(AddCustomerTest.java:25)
... Removed 31 stack frames]]>
    </failure>
  </testcase> <!-- addACustomer -->
  <testcase name="addACustomer" time="0.279" classname="testcase.AddCustomerTest">
    <failure type="java.lang.AssertionError" message="expected [false] but found [true]">
      <![CDATA[java.lang.AssertionError: expected [false] but found [true]
at testcase.AddCustomerTest.addACustomer(AddCustomerTest.java:25)
... Removed 31 stack frames]]>
    </failure>
  </testcase> <!-- addACustomer -->
  <testcase name="addACustomer" time="0.251" classname="testcase.AddCustomerTest">
    <failure type="java.lang.AssertionError" message="expected [false] but found [true]">
      <![CDATA[java.lang.AssertionError: expected [false] but found [true]
at testcase.AddCustomerTest.addACustomer(AddCustomerTest.java:25)
... Removed 31 stack frames]]>
    </failure>
  </testcase> <!-- addACustomer -->
</testsuite> <!-- AddCustomerTest -->
