<?xml version="1.0" encoding="UTF-8"?>
<!-- Generated by org.testng.reporters.JUnitXMLReporter -->
<testsuite hostname="Keshav-PC" ignored="0" name="AddCustomerTest" tests="4" failures="0" timestamp="01 Jul 2018 11:05:33 GMT" time="2.85" errors="0">
  <testcase name="addACustomer" time="0.807" classname="testcase.AddCustomerTest"/>
  <testcase name="addACustomer" time="0.81" classname="testcase.AddCustomerTest"/>
  <testcase name="addACustomer" time="0.249" classname="testcase.AddCustomerTest"/>
  <testcase name="addACustomer" time="0.216" classname="testcase.AddCustomerTest"/>
</testsuite> <!-- AddCustomerTest -->
