<?xml version="1.0" encoding="UTF-8"?>
<!-- Generated by org.testng.reporters.JUnitXMLReporter -->
<testsuite hostname="Keshav-PC" ignored="2" name="Test" tests="5" failures="0" timestamp="27 May 2018 09:57:32 GMT" time="1.721" errors="0">
  <testcase name="loginAsBankManager" time="0.215" classname="testcase.BankManagerLoginTest"/>
  <testcase name="addACustomer" time="0.438" classname="testcase.AddCustomerTest"/>
  <testcase name="addACustomer" time="0.197" classname="testcase.AddCustomerTest"/>
  <testcase name="addACustomer" time="0.429" classname="testcase.AddCustomerTest"/>
  <testcase name="addACustomer" time="0.153" classname="testcase.AddCustomerTest"/>
  <testcase name="@BeforeSuite setUp" time="0.0" classname="base.base">
    <ignored/>
  </testcase> <!-- @BeforeSuite setUp -->
  <testcase name="@AfterSuite tearDown" time="0.0" classname="base.base">
    <ignored/>
  </testcase> <!-- @AfterSuite tearDown -->
</testsuite> <!-- Test -->
