<?xml version="1.0" encoding="UTF-8"?>
<!-- Generated by org.testng.reporters.JUnitXMLReporter -->
<testsuite hostname="Keshav-PC" ignored="0" name="AddCustomerTest" tests="4" failures="0" timestamp="20 Nov 2018 16:48:20 GMT" time="1.098" errors="0">
  <testcase name="addACustomer" time="0.25" classname="testcase.AddCustomerTest"/>
  <testcase name="addACustomer" time="0.135" classname="testcase.AddCustomerTest"/>
  <testcase name="addACustomer" time="0.137" classname="testcase.AddCustomerTest"/>
  <testcase name="addACustomer" time="0.127" classname="testcase.AddCustomerTest"/>
</testsuite> <!-- AddCustomerTest -->
