<?xml version="1.0" encoding="UTF-8"?>
<!-- Generated by org.testng.reporters.JUnitXMLReporter -->
<testsuite hostname="Keshav-PC" ignored="0" name="AddCustomerTest" tests="4" failures="0" timestamp="07 Nov 2018 14:56:23 GMT" time="2.585" errors="0">
  <testcase name="addACustomer" time="0.965" classname="testcase.AddCustomerTest"/>
  <testcase name="addACustomer" time="0.299" classname="testcase.AddCustomerTest"/>
  <testcase name="addACustomer" time="0.278" classname="testcase.AddCustomerTest"/>
  <testcase name="addACustomer" time="0.27" classname="testcase.AddCustomerTest"/>
</testsuite> <!-- AddCustomerTest -->
