<?xml version="1.0" encoding="UTF-8"?>
<!-- Generated by org.testng.reporters.JUnitXMLReporter -->
<testsuite hostname="Keshav-PC" ignored="2" name="Test" tests="5" failures="0" timestamp="06 May 2018 17:51:51 GMT" time="4.56" errors="0">
  <testcase name="loginAsBankManager" time="0.252" classname="testcase.BankManagerLoginTest"/>
  <testcase name="addACustomer" time="3.156" classname="testcase.AddCustomerTest"/>
  <testcase name="addACustomer" time="0.326" classname="testcase.AddCustomerTest"/>
  <testcase name="addACustomer" time="0.397" classname="testcase.AddCustomerTest"/>
  <testcase name="addACustomer" time="0.338" classname="testcase.AddCustomerTest"/>
  <testcase name="@BeforeSuite setUp" time="0.0" classname="base.base">
    <ignored/>
  </testcase> <!-- @BeforeSuite setUp -->
  <testcase name="@AfterSuite tearDown" time="0.0" classname="base.base">
    <ignored/>
  </testcase> <!-- @AfterSuite tearDown -->
</testsuite> <!-- Test -->
