<?xml version="1.0" encoding="UTF-8"?>
<testng-results skipped="0" failed="0" ignored="0" total="5" passed="5">
  <reporter-output>
    <line>
      <![CDATA[Alert Text is: null]]>
    </line>
    <line>
      <![CDATA[Alert Text is: Customer added successfully with customer id :6]]>
    </line>
    <line>
      <![CDATA[Alert Text is: Customer added successfully with customer id :7]]>
    </line>
    <line>
      <![CDATA[Alert Text is: Customer added successfully with customer id :8]]>
    </line>
    <line>
      <![CDATA[Alert Text is: Customer added successfully with customer id :9]]>
    </line>
  </reporter-output>
  <suite name="Suite" duration-ms="1809" started-at="2018-11-20T16:48:18Z" finished-at="2018-11-20T16:48:20Z">
    <groups>
    </groups>
    <test name="BankManagerLoginTest" duration-ms="384" started-at="2018-11-20T16:48:18Z" finished-at="2018-11-20T16:48:19Z">
      <class name="testcase.BankManagerLoginTest">
        <test-method status="PASS" signature="loginAsBankManager()[pri:0, instance:testcase.BankManagerLoginTest@50eac852]" name="loginAsBankManager" duration-ms="258" started-at="2018-11-20T16:48:18Z" finished-at="2018-11-20T16:48:18Z">
          <reporter-output>
            <line>
              <![CDATA[Alert Text is: null]]>
            </line>
          </reporter-output>
        </test-method> <!-- loginAsBankManager -->
      </class> <!-- testcase.BankManagerLoginTest -->
    </test> <!-- BankManagerLoginTest -->
    <test name="AddCustomerTest" duration-ms="1098" started-at="2018-11-20T16:48:19Z" finished-at="2018-11-20T16:48:20Z">
      <class name="testcase.AddCustomerTest">
        <test-method status="PASS" signature="setUp()[pri:0, instance:testcase.AddCustomerTest@4d9e68d0]" name="setUp" is-config="true" duration-ms="9178" started-at="2018-11-20T16:48:09Z" finished-at="2018-11-20T16:48:18Z">
          <reporter-output>
          </reporter-output>
        </test-method> <!-- setUp -->
        <test-method status="PASS" signature="addACustomer(java.lang.String, java.lang.String, java.lang.String)[pri:0, instance:testcase.AddCustomerTest@4d9e68d0]" name="addACustomer" duration-ms="250" started-at="2018-11-20T16:48:19Z" data-provider="getData" finished-at="2018-11-20T16:48:19Z">
          <params>
            <param index="0">
              <value>
                <![CDATA[trainer@way2automation.com]]>
              </value>
            </param>
            <param index="1">
              <value>
                <![CDATA[sdfsdf]]>
              </value>
            </param>
            <param index="2">
              <value>
                <![CDATA[ngjg]]>
              </value>
            </param>
          </params>
          <reporter-output>
            <line>
              <![CDATA[Alert Text is: Customer added successfully with customer id :6]]>
            </line>
          </reporter-output>
        </test-method> <!-- addACustomer -->
        <test-method status="PASS" signature="addACustomer(java.lang.String, java.lang.String, java.lang.String)[pri:0, instance:testcase.AddCustomerTest@4d9e68d0]" name="addACustomer" duration-ms="135" started-at="2018-11-20T16:48:19Z" data-provider="getData" finished-at="2018-11-20T16:48:19Z">
          <params>
            <param index="0">
              <value>
                <![CDATA[w2ajava@way2automation.com]]>
              </value>
            </param>
            <param index="1">
              <value>
                <![CDATA[sdfsdf]]>
              </value>
            </param>
            <param index="2">
              <value>
                <![CDATA[fdfsdf]]>
              </value>
            </param>
          </params>
          <reporter-output>
            <line>
              <![CDATA[Alert Text is: Customer added successfully with customer id :7]]>
            </line>
          </reporter-output>
        </test-method> <!-- addACustomer -->
        <test-method status="PASS" signature="addACustomer(java.lang.String, java.lang.String, java.lang.String)[pri:0, instance:testcase.AddCustomerTest@4d9e68d0]" name="addACustomer" duration-ms="137" started-at="2018-11-20T16:48:19Z" data-provider="getData" finished-at="2018-11-20T16:48:20Z">
          <params>
            <param index="0">
              <value>
                <![CDATA[seleniumcoaching@gmail.com]]>
              </value>
            </param>
            <param index="1">
              <value>
                <![CDATA[sdffsslkjhfhjkwrwe]]>
              </value>
            </param>
            <param index="2">
              <value>
                <![CDATA[fdsf]]>
              </value>
            </param>
          </params>
          <reporter-output>
            <line>
              <![CDATA[Alert Text is: Customer added successfully with customer id :8]]>
            </line>
          </reporter-output>
        </test-method> <!-- addACustomer -->
        <test-method status="PASS" signature="addACustomer(java.lang.String, java.lang.String, java.lang.String)[pri:0, instance:testcase.AddCustomerTest@4d9e68d0]" name="addACustomer" duration-ms="127" started-at="2018-11-20T16:48:20Z" data-provider="getData" finished-at="2018-11-20T16:48:20Z">
          <params>
            <param index="0">
              <value>
                <![CDATA[corporate@way2automation.com]]>
              </value>
            </param>
            <param index="1">
              <value>
                <![CDATA[sdfsdfs]]>
              </value>
            </param>
            <param index="2">
              <value>
                <![CDATA[dfs]]>
              </value>
            </param>
          </params>
          <reporter-output>
            <line>
              <![CDATA[Alert Text is: Customer added successfully with customer id :9]]>
            </line>
          </reporter-output>
        </test-method> <!-- addACustomer -->
        <test-method status="PASS" signature="tearDown()[pri:0, instance:testcase.AddCustomerTest@4d9e68d0]" name="tearDown" is-config="true" duration-ms="2308" started-at="2018-11-20T16:48:20Z" finished-at="2018-11-20T16:48:22Z">
          <reporter-output>
          </reporter-output>
        </test-method> <!-- tearDown -->
      </class> <!-- testcase.AddCustomerTest -->
    </test> <!-- AddCustomerTest -->
  </suite> <!-- Suite -->
</testng-results>
