<?xml version="1.0" encoding="UTF-8"?>
<testng-results skipped="0" failed="0" ignored="0" total="5" passed="5">
  <reporter-output>
    <line>
      <![CDATA[Alert Text is: null]]>
    </line>
    <line>
      <![CDATA[Alert Text is: Customer added successfully with customer id :6]]>
    </line>
    <line>
      <![CDATA[Alert Text is: Customer added successfully with customer id :7]]>
    </line>
    <line>
      <![CDATA[Alert Text is: Customer added successfully with customer id :8]]>
    </line>
    <line>
      <![CDATA[Alert Text is: Customer added successfully with customer id :9]]>
    </line>
  </reporter-output>
  <suite name="Suite" duration-ms="3384" started-at="2018-07-01T11:05:30Z" finished-at="2018-07-01T11:05:33Z">
    <groups>
    </groups>
    <test name="BankManagerLoginTest" duration-ms="498" started-at="2018-07-01T11:05:30Z" finished-at="2018-07-01T11:05:30Z">
      <class name="testcase.BankManagerLoginTest">
        <test-method status="PASS" signature="loginAsBankManager()[pri:0, instance:testcase.BankManagerLoginTest@408d971b]" name="loginAsBankManager" duration-ms="256" started-at="2018-07-01T11:05:30Z" finished-at="2018-07-01T11:05:30Z">
          <reporter-output>
            <line>
              <![CDATA[Alert Text is: null]]>
            </line>
          </reporter-output>
        </test-method> <!-- loginAsBankManager -->
      </class> <!-- testcase.BankManagerLoginTest -->
    </test> <!-- BankManagerLoginTest -->
    <test name="AddCustomerTest" duration-ms="2850" started-at="2018-07-01T11:05:30Z" finished-at="2018-07-01T11:05:33Z">
      <class name="testcase.AddCustomerTest">
        <test-method status="PASS" signature="setUp()[pri:0, instance:testcase.AddCustomerTest@7dcf94f8]" name="setUp" is-config="true" duration-ms="13629" started-at="2018-07-01T11:05:16Z" finished-at="2018-07-01T11:05:30Z">
          <reporter-output>
          </reporter-output>
        </test-method> <!-- setUp -->
        <test-method status="PASS" signature="addACustomer(java.lang.String, java.lang.String, java.lang.String)[pri:0, instance:testcase.AddCustomerTest@7dcf94f8]" name="addACustomer" duration-ms="807" started-at="2018-07-01T11:05:30Z" data-provider="getData" finished-at="2018-07-01T11:05:31Z">
          <params>
            <param index="0">
              <value>
                <![CDATA[trainer@way2automation.com]]>
              </value>
            </param>
            <param index="1">
              <value>
                <![CDATA[sdfsdf]]>
              </value>
            </param>
            <param index="2">
              <value>
                <![CDATA[ngjg]]>
              </value>
            </param>
          </params>
          <reporter-output>
            <line>
              <![CDATA[Alert Text is: Customer added successfully with customer id :6]]>
            </line>
          </reporter-output>
        </test-method> <!-- addACustomer -->
        <test-method status="PASS" signature="addACustomer(java.lang.String, java.lang.String, java.lang.String)[pri:0, instance:testcase.AddCustomerTest@7dcf94f8]" name="addACustomer" duration-ms="810" started-at="2018-07-01T11:05:31Z" data-provider="getData" finished-at="2018-07-01T11:05:32Z">
          <params>
            <param index="0">
              <value>
                <![CDATA[w2ajava@way2automation.com]]>
              </value>
            </param>
            <param index="1">
              <value>
                <![CDATA[sdfsdf]]>
              </value>
            </param>
            <param index="2">
              <value>
                <![CDATA[fdfsdf]]>
              </value>
            </param>
          </params>
          <reporter-output>
            <line>
              <![CDATA[Alert Text is: Customer added successfully with customer id :7]]>
            </line>
          </reporter-output>
        </test-method> <!-- addACustomer -->
        <test-method status="PASS" signature="addACustomer(java.lang.String, java.lang.String, java.lang.String)[pri:0, instance:testcase.AddCustomerTest@7dcf94f8]" name="addACustomer" duration-ms="249" started-at="2018-07-01T11:05:32Z" data-provider="getData" finished-at="2018-07-01T11:05:33Z">
          <params>
            <param index="0">
              <value>
                <![CDATA[seleniumcoaching@gmail.com]]>
              </value>
            </param>
            <param index="1">
              <value>
                <![CDATA[sdffsslkjhfhjkwrwe]]>
              </value>
            </param>
            <param index="2">
              <value>
                <![CDATA[fdsf]]>
              </value>
            </param>
          </params>
          <reporter-output>
            <line>
              <![CDATA[Alert Text is: Customer added successfully with customer id :8]]>
            </line>
          </reporter-output>
        </test-method> <!-- addACustomer -->
        <test-method status="PASS" signature="addACustomer(java.lang.String, java.lang.String, java.lang.String)[pri:0, instance:testcase.AddCustomerTest@7dcf94f8]" name="addACustomer" duration-ms="216" started-at="2018-07-01T11:05:33Z" data-provider="getData" finished-at="2018-07-01T11:05:33Z">
          <params>
            <param index="0">
              <value>
                <![CDATA[corporate@way2automation.com]]>
              </value>
            </param>
            <param index="1">
              <value>
                <![CDATA[sdfsdfs]]>
              </value>
            </param>
            <param index="2">
              <value>
                <![CDATA[dfs]]>
              </value>
            </param>
          </params>
          <reporter-output>
            <line>
              <![CDATA[Alert Text is: Customer added successfully with customer id :9]]>
            </line>
          </reporter-output>
        </test-method> <!-- addACustomer -->
        <test-method status="PASS" signature="tearDown()[pri:0, instance:testcase.AddCustomerTest@7dcf94f8]" name="tearDown" is-config="true" duration-ms="2109" started-at="2018-07-01T11:05:33Z" finished-at="2018-07-01T11:05:35Z">
          <reporter-output>
          </reporter-output>
        </test-method> <!-- tearDown -->
      </class> <!-- testcase.AddCustomerTest -->
    </test> <!-- AddCustomerTest -->
  </suite> <!-- Suite -->
</testng-results>
